android/build/intermediates/manifest_merge_blame_file/release/manifest-merger-blame-release-report.txt
1<?xml version="1.0" encoding="utf-8"?>
2<manifest xmlns:android="http://schemas.android.com/apk/res/android"
3    package="com.insearchoftheperfectcuisine.game"
4    android:versionCode="1"
5    android:versionName="1.0" >
6
7    <uses-sdk
8        android:minSdkVersion="16"
8-->MeuJogoMobile\android\AndroidManifest.xml
9        android:targetSdkVersion="33" />
9-->MeuJogoMobile\android\AndroidManifest.xml
10
11    <uses-feature
11-->MeuJogoMobile\android\AndroidManifest.xml:5:5-78
12        android:glEsVersion="0x00020000"
12-->MeuJogoMobile\android\AndroidManifest.xml:5:19-51
13        android:required="true" />
13-->MeuJogoMobile\android\AndroidManifest.xml:5:52-75
14
15    <application
15-->MeuJogoMobile\android\AndroidManifest.xml:7:5-27:19
16        android:allowBackup="true"
16-->MeuJogoMobile\android\AndroidManifest.xml:8:9-35
17        android:appCategory="game"
17-->MeuJogoMobile\android\AndroidManifest.xml:12:9-35
18        android:appComponentFactory="androidx.core.app.CoreComponentFactory"
18-->[androidx.core:core:1.8.0] AndroidManifest.xml:24:18-86
19        android:fullBackupContent="true"
19-->MeuJogoMobile\android\AndroidManifest.xml:9:9-41
20        android:icon="@drawable/ic_launcher"
20-->MeuJogoMobile\android\AndroidManifest.xml:10:9-45
21        android:isGame="true"
21-->MeuJogoMobile\android\AndroidManifest.xml:11:9-30
22        android:label="@string/app_name"
22-->MeuJogoMobile\android\AndroidManifest.xml:13:9-41
23        android:theme="@style/AppTheme" >
23-->MeuJogoMobile\android\AndroidManifest.xml:14:9-40
24        <activity
24-->MeuJogoMobile\android\AndroidManifest.xml:16:9-26:20
25            android:name="com.insearchoftheperfectcuisine.game.AndroidLauncher"
25-->MeuJogoMobile\android\AndroidManifest.xml:17:13-80
26            android:configChanges="keyboard|keyboardHidden|navigation|orientation|screenSize|screenLayout"
26-->MeuJogoMobile\android\AndroidManifest.xml:20:13-107
27            android:exported="true"
27-->MeuJogoMobile\android\AndroidManifest.xml:21:13-36
28            android:label="@string/app_name"
28-->MeuJogoMobile\android\AndroidManifest.xml:18:13-45
29            android:screenOrientation="landscape" >
29-->MeuJogoMobile\android\AndroidManifest.xml:19:13-50
30            <intent-filter>
30-->MeuJogoMobile\android\AndroidManifest.xml:22:13-25:29
31                <action android:name="android.intent.action.MAIN" />
31-->MeuJogoMobile\android\AndroidManifest.xml:23:17-69
31-->MeuJogoMobile\android\AndroidManifest.xml:23:25-66
32
33                <category android:name="android.intent.category.LAUNCHER" />
33-->MeuJogoMobile\android\AndroidManifest.xml:24:17-77
33-->MeuJogoMobile\android\AndroidManifest.xml:24:27-74
34            </intent-filter>
35        </activity>
36    </application>
37
38</manifest>